<?xml version="1.0" encoding="utf-8"?><testsuites name="pytest tests"><testsuite name="pytest" errors="0" failures="0" skipped="0" tests="5" time="9.185" timestamp="2026-06-04T07:26:28.833773+00:00" hostname="agent-env-6fe19cea-efe4-47dc-9b4c-7641dda0b3d3"><testcase classname="backend.tests.test_insight.TestInsight" name="test_insight_first_call_uncached" time="4.426" /><testcase classname="backend.tests.test_insight.TestInsight" name="test_insight_second_call_cached_same_narrative" time="0.126" /><testcase classname="backend.tests.test_insight.TestInsight" name="test_insight_404_bad_id" time="0.042" /><testcase classname="backend.tests.test_insight.TestInsight" name="test_insights_one_doc_per_level" time="0.168" /><testcase classname="backend.tests.test_insight.TestInsight" name="test_insight_regenerates_on_level_up" time="4.225" /></testsuite></testsuites>