<?xml version="1.0" encoding="utf-8"?><testsuites name="pytest tests"><testsuite name="pytest" errors="0" failures="0" skipped="0" tests="17" time="9.602" timestamp="2026-04-21T08:19:34.776689+00:00" hostname="agent-env-6fe19cea-efe4-47dc-9b4c-7641dda0b3d3"><testcase classname="backend.tests.test_cashclaw.TestCatalog" name="test_root" time="0.169" /><testcase classname="backend.tests.test_cashclaw.TestCatalog" name="test_agents_list_12" time="0.047" /><testcase classname="backend.tests.test_cashclaw.TestCatalog" name="test_agents_category_filter" time="0.049" /><testcase classname="backend.tests.test_cashclaw.TestCatalog" name="test_categories" time="0.045" /><testcase classname="backend.tests.test_cashclaw.TestCatalog" name="test_agent_detail_my_deployment_null" time="0.089" /><testcase classname="backend.tests.test_cashclaw.TestCatalog" name="test_agent_detail_404" time="0.044" /><testcase classname="backend.tests.test_cashclaw.TestDeployFlow" name="test_deploy_creates_and_increments" time="0.164" /><testcase classname="backend.tests.test_cashclaw.TestDeployFlow" name="test_my_agents_ticks_over_5s" time="5.180" /><testcase classname="backend.tests.test_cashclaw.TestDeployFlow" name="test_toggle_pauses_and_resumes" time="0.095" /><testcase classname="backend.tests.test_cashclaw.TestDeployFlow" name="test_toggle_404" time="0.045" /><testcase classname="backend.tests.test_cashclaw.TestAggregates" name="test_dashboard" time="0.048" /><testcase classname="backend.tests.test_cashclaw.TestAggregates" name="test_leaderboard" time="0.044" /><testcase classname="backend.tests.test_cashclaw.TestAggregates" name="test_profile" time="0.084" /><testcase classname="backend.tests.test_cashclaw.TestWallet" name="test_wallet_grows" time="3.095" /><testcase classname="backend.tests.test_cashclaw.TestWallet" name="test_withdraw_success" time="0.156" /><testcase classname="backend.tests.test_cashclaw.TestWallet" name="test_withdraw_insufficient" time="0.045" /><testcase classname="backend.tests.test_cashclaw.TestWallet" name="test_withdraw_invalid_amount" time="0.041" /></testsuite></testsuites>