<?xml version="1.0" encoding="utf-8"?><testsuites name="pytest tests"><testsuite name="pytest" errors="0" failures="2" skipped="0" tests="22" time="19.168" timestamp="2026-06-04T07:26:42.995625+00:00" hostname="agent-env-6fe19cea-efe4-47dc-9b4c-7641dda0b3d3"><testcase classname="backend.tests.test_cashclaw.TestCatalog" name="test_root" time="0.182" /><testcase classname="backend.tests.test_cashclaw.TestCatalog" name="test_agents_list_12" time="0.046" /><testcase classname="backend.tests.test_cashclaw.TestCatalog" name="test_agents_category_filter" time="0.045" /><testcase classname="backend.tests.test_cashclaw.TestCatalog" name="test_categories" time="0.046" /><testcase classname="backend.tests.test_cashclaw.TestCatalog" name="test_agent_detail_my_deployment_null" time="0.098" /><testcase classname="backend.tests.test_cashclaw.TestCatalog" name="test_agent_detail_404" time="0.046" /><testcase classname="backend.tests.test_cashclaw.TestDeployFlow" name="test_deploy_creates_and_increments" time="0.096"><failure message="assert 21098.6942 == 0.0">backend/tests/test_cashclaw.py:83: in test_deploy_creates_and_increments
    assert dep["earned_total"] == 0.0
E   assert 21098.6942 == 0.0</failure></testcase><testcase classname="backend.tests.test_cashclaw.TestDeployFlow" name="test_my_agents_ticks_over_5s" time="5.234" /><testcase classname="backend.tests.test_cashclaw.TestDeployFlow" name="test_toggle_pauses_and_resumes" time="0.000"><failure message="assert None">backend/tests/test_cashclaw.py:112: in test_toggle_pauses_and_resumes
    assert dep_id
E   assert None</failure></testcase><testcase classname="backend.tests.test_cashclaw.TestDeployFlow" name="test_toggle_404" time="0.044" /><testcase classname="backend.tests.test_cashclaw.TestAggregates" name="test_dashboard" time="0.049" /><testcase classname="backend.tests.test_cashclaw.TestAggregates" name="test_leaderboard" time="0.049" /><testcase classname="backend.tests.test_cashclaw.TestAggregates" name="test_profile" time="0.043" /><testcase classname="backend.tests.test_cashclaw.TestWallet" name="test_wallet_grows" time="3.110" /><testcase classname="backend.tests.test_cashclaw.TestWallet" name="test_withdraw_success" time="0.140" /><testcase classname="backend.tests.test_cashclaw.TestWallet" name="test_withdraw_insufficient" time="0.045" /><testcase classname="backend.tests.test_cashclaw.TestWallet" name="test_withdraw_invalid_amount" time="0.046" /><testcase classname="backend.tests.test_insight.TestInsight" name="test_insight_first_call_uncached" time="5.115" /><testcase classname="backend.tests.test_insight.TestInsight" name="test_insight_second_call_cached_same_narrative" time="0.108" /><testcase classname="backend.tests.test_insight.TestInsight" name="test_insight_404_bad_id" time="0.052" /><testcase classname="backend.tests.test_insight.TestInsight" name="test_insights_one_doc_per_level" time="0.158" /><testcase classname="backend.tests.test_insight.TestInsight" name="test_insight_regenerates_on_level_up" time="4.234" /></testsuite></testsuites>